<?xml version="1.0" encoding="UTF-8" ?>
<testsuite tests="5" failures="0" name="com.camunda.avg.SimpleProject.ProcessUnitTest" time="0.173" errors="5" skipped="0">
  <properties>
    <property name="java.runtime.name" value="OpenJDK Runtime Environment"/>
    <property name="sun.boot.library.path" value="D:\Talend\jdk\jre\bin"/>
    <property name="java.vm.version" value="25.232-b09"/>
    <property name="java.vm.vendor" value="Amazon.com Inc."/>
    <property name="maven.multiModuleProjectDirectory" value="C:\Users\Felix\eclipse-workspace\SimpleProject"/>
    <property name="java.vendor.url" value="https://aws.amazon.com/corretto/"/>
    <property name="path.separator" value=";"/>
    <property name="guice.disable.misplaced.annotation.check" value="true"/>
    <property name="java.vm.name" value="OpenJDK 64-Bit Server VM"/>
    <property name="file.encoding.pkg" value="sun.io"/>
    <property name="user.script" value=""/>
    <property name="user.country" value="DE"/>
    <property name="sun.java.launcher" value="SUN_STANDARD"/>
    <property name="sun.os.patch.level" value=""/>
    <property name="java.vm.specification.name" value="Java Virtual Machine Specification"/>
    <property name="user.dir" value="C:\Users\Felix\eclipse-workspace\SimpleProject"/>
    <property name="java.runtime.version" value="1.8.0_232-b09"/>
    <property name="java.awt.graphicsenv" value="sun.awt.Win32GraphicsEnvironment"/>
    <property name="java.endorsed.dirs" value="D:\Talend\jdk\jre\lib\endorsed"/>
    <property name="os.arch" value="amd64"/>
    <property name="java.io.tmpdir" value="C:\Users\Felix\AppData\Local\Temp\"/>
    <property name="line.separator" value="
"/>
    <property name="java.vm.specification.vendor" value="Oracle Corporation"/>
    <property name="user.variant" value=""/>
    <property name="os.name" value="Windows 10"/>
    <property name="classworlds.conf" value="C:\Users\Felix\eclipse-workspace\.metadata\.plugins\org.eclipse.m2e.launching\launches\m2conf1649168678236247972.tmp"/>
    <property name="sun.jnu.encoding" value="Cp1252"/>
    <property name="java.library.path" value="D:\Talend\jdk\bin;C:\Windows\Sun\Java\bin;C:\Windows\system32;C:\Windows;D:/Zimmermann/jdk/bin/server;D:/Zimmermann/jdk/bin;D:\Zimmermann\jdk\bin;D:\Zimmermann\gradle\bin;D:\Zimmermann\pgsql\bin;D:\Zimmermann\pgsql\lib;D:\Zimmermann\mongodb\bin;D:\Zimmermann\kafka\bin\windows;D:\Zimmermann\consul;D:\Zimmermann\git\bin;C:\Windows\system32;C:\Windows;C:\Windows\System32\Wbem;C:\Windows\System32\WindowsPowerShell\v1.0\;C:\Windows\System32\OpenSSH\;D:\Git\cmd;D:\NodeJS\;C:\Users\Felix\AppData\Local\Microsoft\WindowsApps;;D:\IntelliJ\IntelliJ IDEA 2019.2.3\bin;;C:\Users\Felix\AppData\Local\Programs\Microsoft VS Code\bin;C:\Users\Felix\AppData\Roaming\npm;C:\Users\Felix\Desktop;;."/>
    <property name="java.specification.name" value="Java Platform API Specification"/>
    <property name="java.class.version" value="52.0"/>
    <property name="sun.management.compiler" value="HotSpot 64-Bit Tiered Compilers"/>
    <property name="os.version" value="10.0"/>
    <property name="user.home" value="C:\Users\Felix"/>
    <property name="user.timezone" value="Europe/Berlin"/>
    <property name="java.awt.printerjob" value="sun.awt.windows.WPrinterJob"/>
    <property name="java.specification.version" value="1.8"/>
    <property name="file.encoding" value="Cp1252"/>
    <property name="user.name" value="Felix"/>
    <property name="java.class.path" value="C:\Users\Felix\.p2\pool\plugins\org.eclipse.m2e.maven.runtime_1.13.0.20190716-1623\jars\plexus-classworlds-2.6.0.jar"/>
    <property name="java.vm.specification.version" value="1.8"/>
    <property name="sun.arch.data.model" value="64"/>
    <property name="java.home" value="D:\Talend\jdk\jre"/>
    <property name="sun.java.command" value="org.codehaus.plexus.classworlds.launcher.Launcher -B install"/>
    <property name="java.specification.vendor" value="Oracle Corporation"/>
    <property name="user.language" value="de"/>
    <property name="awt.toolkit" value="sun.awt.windows.WToolkit"/>
    <property name="java.vm.info" value="mixed mode"/>
    <property name="java.version" value="1.8.0_232"/>
    <property name="java.ext.dirs" value="D:\Talend\jdk\jre\lib\ext;C:\Windows\Sun\Java\lib\ext"/>
    <property name="sun.boot.class.path" value="D:\Talend\jdk\jre\lib\resources.jar;D:\Talend\jdk\jre\lib\rt.jar;D:\Talend\jdk\jre\lib\sunrsasign.jar;D:\Talend\jdk\jre\lib\jsse.jar;D:\Talend\jdk\jre\lib\jce.jar;D:\Talend\jdk\jre\lib\charsets.jar;D:\Talend\jdk\jre\lib\jfr.jar;D:\Talend\jdk\jre\classes"/>
    <property name="java.vendor" value="Amazon.com Inc."/>
    <property name="maven.home" value="C:\Users\Felix\eclipse-workspace\SimpleProject\EMBEDDED"/>
    <property name="file.separator" value="\"/>
    <property name="java.vendor.url.bug" value="https://github.com/corretto/corretto-8/issues/"/>
    <property name="sun.cpu.endian" value="little"/>
    <property name="sun.io.unicode.encoding" value="UnicodeLittle"/>
    <property name="sun.desktop" value="windows"/>
    <property name="sun.cpu.isalist" value="amd64"/>
  </properties>
  <testcase classname="com.camunda.avg.SimpleProject.ProcessUnitTest" name="testParsingAndDeployment" time="0.08">
    <error message="resource &apos;process.bpmn&apos; not found: inputStream is null" type="org.camunda.bpm.engine.exception.NullValueException">org.camunda.bpm.engine.exception.NullValueException: resource &apos;process.bpmn&apos; not found: inputStream is null
	at sun.reflect.NativeConstructorAccessorImpl.newInstance0(Native Method)
	at sun.reflect.NativeConstructorAccessorImpl.newInstance(NativeConstructorAccessorImpl.java:62)
	at sun.reflect.DelegatingConstructorAccessorImpl.newInstance(DelegatingConstructorAccessorImpl.java:45)
	at java.lang.reflect.Constructor.newInstance(Constructor.java:423)
	at org.camunda.bpm.engine.impl.util.EnsureUtil.generateException(EnsureUtil.java:381)
	at org.camunda.bpm.engine.impl.util.EnsureUtil.ensureNotNull(EnsureUtil.java:55)
	at org.camunda.bpm.engine.impl.util.EnsureUtil.ensureNotNull(EnsureUtil.java:50)
	at org.camunda.bpm.engine.impl.repository.DeploymentBuilderImpl.addClasspathResource(DeploymentBuilderImpl.java:95)
	at org.camunda.bpm.engine.impl.test.TestHelper.annotationDeploymentSetUp(TestHelper.java:137)
	at org.camunda.bpm.engine.test.ProcessEngineRule.starting(ProcessEngineRule.java:151)
	at org.camunda.bpm.extension.process_test_coverage.junit.rules.TestCoverageProcessEngineRule.starting(TestCoverageProcessEngineRule.java:136)
	at org.junit.rules.TestWatcher.startingQuietly(TestWatcher.java:108)
	at org.junit.rules.TestWatcher.access$000(TestWatcher.java:46)
	at org.junit.rules.TestWatcher$1.evaluate(TestWatcher.java:53)
	at org.camunda.bpm.engine.test.ProcessEngineRule$1.evaluate(ProcessEngineRule.java:170)
	at org.junit.rules.RunRules.evaluate(RunRules.java:20)
	at org.junit.runners.ParentRunner.runLeaf(ParentRunner.java:325)
	at org.junit.runners.BlockJUnit4ClassRunner.runChild(BlockJUnit4ClassRunner.java:78)
	at org.junit.runners.BlockJUnit4ClassRunner.runChild(BlockJUnit4ClassRunner.java:57)
	at org.junit.runners.ParentRunner$3.run(ParentRunner.java:290)
	at org.junit.runners.ParentRunner$1.schedule(ParentRunner.java:71)
	at org.junit.runners.ParentRunner.runChildren(ParentRunner.java:288)
	at org.junit.runners.ParentRunner.access$000(ParentRunner.java:58)
	at org.junit.runners.ParentRunner$2.evaluate(ParentRunner.java:268)
	at org.junit.rules.TestWatcher$1.evaluate(TestWatcher.java:55)
	at org.camunda.bpm.engine.test.ProcessEngineRule$1.evaluate(ProcessEngineRule.java:170)
	at org.junit.rules.RunRules.evaluate(RunRules.java:20)
	at org.junit.runners.ParentRunner.run(ParentRunner.java:363)
	at org.apache.maven.surefire.junit4.JUnit4Provider.execute(JUnit4Provider.java:252)
	at org.apache.maven.surefire.junit4.JUnit4Provider.executeTestSet(JUnit4Provider.java:141)
	at org.apache.maven.surefire.junit4.JUnit4Provider.invoke(JUnit4Provider.java:112)
	at sun.reflect.NativeMethodAccessorImpl.invoke0(Native Method)
	at sun.reflect.NativeMethodAccessorImpl.invoke(NativeMethodAccessorImpl.java:62)
	at sun.reflect.DelegatingMethodAccessorImpl.invoke(DelegatingMethodAccessorImpl.java:43)
	at java.lang.reflect.Method.invoke(Method.java:498)
	at org.apache.maven.surefire.util.ReflectionUtils.invokeMethodWithArray(ReflectionUtils.java:189)
	at org.apache.maven.surefire.booter.ProviderFactory$ProviderProxy.invoke(ProviderFactory.java:165)
	at org.apache.maven.surefire.booter.ProviderFactory.invokeProvider(ProviderFactory.java:85)
	at org.apache.maven.surefire.booter.ForkedBooter.runSuitesInProcess(ForkedBooter.java:115)
	at org.apache.maven.surefire.booter.ForkedBooter.main(ForkedBooter.java:75)
</error>
    <system-out>14:04:53.507 [main] DEBUG org.camunda.bpm.engine.test - ==== BUILDING PROCESS ENGINE ========================================================================
14:04:53.643 [main] INFO  o.s.b.f.xml.XmlBeanDefinitionReader - Loading XML bean definitions from class path resource [camunda.cfg.xml]
14:04:54.197 [main] INFO  org.camunda.bpm.engine.cfg - ENGINE-12003 Plugin &apos;SpinProcessEnginePlugin&apos; activated on process engine &apos;default&apos;
14:04:54.205 [main] INFO  org.camunda.spin - SPIN-01010 Discovered Spin data format provider: org.camunda.spin.impl.json.jackson.format.JacksonJsonDataFormatProvider[name = application/json]
14:04:54.454 [main] INFO  org.camunda.spin - SPIN-01010 Discovered Spin data format provider: org.camunda.spin.impl.xml.dom.format.DomXmlDataFormatProvider[name = application/xml]
14:04:54.511 [main] INFO  org.camunda.spin - SPIN-01009 Discovered Spin data format: org.camunda.spin.impl.xml.dom.format.DomXmlDataFormat[name = application/xml]
14:04:54.512 [main] INFO  org.camunda.spin - SPIN-01009 Discovered Spin data format: org.camunda.spin.impl.json.jackson.format.JacksonJsonDataFormat[name = application/json]
14:04:58.594 [main] INFO  org.camunda.bpm.engine.persistence - ENGINE-03016 Performing database operation &apos;create&apos; on component &apos;engine&apos; with resource &apos;org/camunda/bpm/engine/db/create/activiti.h2.create.engine.sql&apos;
14:04:58.650 [main] INFO  org.camunda.bpm.engine.persistence - ENGINE-03016 Performing database operation &apos;create&apos; on component &apos;history&apos; with resource &apos;org/camunda/bpm/engine/db/create/activiti.h2.create.history.sql&apos;
14:04:58.664 [main] INFO  org.camunda.bpm.engine.persistence - ENGINE-03016 Performing database operation &apos;create&apos; on component &apos;identity&apos; with resource &apos;org/camunda/bpm/engine/db/create/activiti.h2.create.identity.sql&apos;
14:04:58.715 [main] INFO  org.camunda.bpm.engine.persistence - ENGINE-03016 Performing database operation &apos;create&apos; on component &apos;case.engine&apos; with resource &apos;org/camunda/bpm/engine/db/create/activiti.h2.create.case.engine.sql&apos;
14:04:58.719 [main] INFO  org.camunda.bpm.engine.persistence - ENGINE-03016 Performing database operation &apos;create&apos; on component &apos;case.history&apos; with resource &apos;org/camunda/bpm/engine/db/create/activiti.h2.create.case.history.sql&apos;
14:04:58.723 [main] INFO  org.camunda.bpm.engine.persistence - ENGINE-03016 Performing database operation &apos;create&apos; on component &apos;decision.engine&apos; with resource &apos;org/camunda/bpm/engine/db/create/activiti.h2.create.decision.engine.sql&apos;
14:04:58.731 [main] INFO  org.camunda.bpm.engine.persistence - ENGINE-03016 Performing database operation &apos;create&apos; on component &apos;decision.history&apos; with resource &apos;org/camunda/bpm/engine/db/create/activiti.h2.create.decision.history.sql&apos;
14:04:58.795 [main] INFO  org.camunda.bpm.engine.persistence - ENGINE-03067 No history level property found in database
14:04:58.796 [main] INFO  org.camunda.bpm.engine.persistence - ENGINE-03065 Creating historyLevel property in database for level: HistoryLevelFull(name=full, id=3)
14:04:58.879 [main] INFO  org.camunda.bpm.engine - ENGINE-00001 Process Engine default created.
14:04:58.888 [main] DEBUG org.camunda.bpm.engine.test - ==== PROCESS ENGINE CREATED =========================================================================
14:04:58.899 [main] DEBUG org.camunda.bpm.engine.test - annotation @Deployment creates deployment for ProcessUnitTest.testParsingAndDeployment
</system-out>
    <system-err>Jan 05, 2020 2:04:58 PM org.camunda.bpm.extension.process_test_coverage.junit.rules.TestCoverageProcessEngineRule succeeded
INFORMATION: testParsingAndDeployment(com.camunda.avg.SimpleProject.ProcessUnitTest) succeeded.
</system-err>
  </testcase>
  <testcase classname="com.camunda.avg.SimpleProject.ProcessUnitTest" name="testParsingAndDeployment" time="0.089">
    <error type="java.lang.NullPointerException">java.lang.NullPointerException
	at org.camunda.bpm.extension.process_test_coverage.junit.rules.TestCoverageProcessEngineRule.handleTestMethodCoverage(TestCoverageProcessEngineRule.java:307)
	at org.camunda.bpm.extension.process_test_coverage.junit.rules.TestCoverageProcessEngineRule.finished(TestCoverageProcessEngineRule.java:144)
	at org.junit.rules.TestWatcher.finishedQuietly(TestWatcher.java:117)
	at org.junit.rules.TestWatcher.access$400(TestWatcher.java:46)
	at org.junit.rules.TestWatcher$1.evaluate(TestWatcher.java:64)
	at org.camunda.bpm.engine.test.ProcessEngineRule$1.evaluate(ProcessEngineRule.java:170)
	at org.junit.rules.RunRules.evaluate(RunRules.java:20)
	at org.junit.runners.ParentRunner.runLeaf(ParentRunner.java:325)
	at org.junit.runners.BlockJUnit4ClassRunner.runChild(BlockJUnit4ClassRunner.java:78)
	at org.junit.runners.BlockJUnit4ClassRunner.runChild(BlockJUnit4ClassRunner.java:57)
	at org.junit.runners.ParentRunner$3.run(ParentRunner.java:290)
	at org.junit.runners.ParentRunner$1.schedule(ParentRunner.java:71)
	at org.junit.runners.ParentRunner.runChildren(ParentRunner.java:288)
	at org.junit.runners.ParentRunner.access$000(ParentRunner.java:58)
	at org.junit.runners.ParentRunner$2.evaluate(ParentRunner.java:268)
	at org.junit.rules.TestWatcher$1.evaluate(TestWatcher.java:55)
	at org.camunda.bpm.engine.test.ProcessEngineRule$1.evaluate(ProcessEngineRule.java:170)
	at org.junit.rules.RunRules.evaluate(RunRules.java:20)
	at org.junit.runners.ParentRunner.run(ParentRunner.java:363)
	at org.apache.maven.surefire.junit4.JUnit4Provider.execute(JUnit4Provider.java:252)
	at org.apache.maven.surefire.junit4.JUnit4Provider.executeTestSet(JUnit4Provider.java:141)
	at org.apache.maven.surefire.junit4.JUnit4Provider.invoke(JUnit4Provider.java:112)
	at sun.reflect.NativeMethodAccessorImpl.invoke0(Native Method)
	at sun.reflect.NativeMethodAccessorImpl.invoke(NativeMethodAccessorImpl.java:62)
	at sun.reflect.DelegatingMethodAccessorImpl.invoke(DelegatingMethodAccessorImpl.java:43)
	at java.lang.reflect.Method.invoke(Method.java:498)
	at org.apache.maven.surefire.util.ReflectionUtils.invokeMethodWithArray(ReflectionUtils.java:189)
	at org.apache.maven.surefire.booter.ProviderFactory$ProviderProxy.invoke(ProviderFactory.java:165)
	at org.apache.maven.surefire.booter.ProviderFactory.invokeProvider(ProviderFactory.java:85)
	at org.apache.maven.surefire.booter.ForkedBooter.runSuitesInProcess(ForkedBooter.java:115)
	at org.apache.maven.surefire.booter.ForkedBooter.main(ForkedBooter.java:75)
</error>
  </testcase>
  <testcase classname="com.camunda.avg.SimpleProject.ProcessUnitTest" name="testHappyPath" time="0">
    <error message="resource &apos;process.bpmn&apos; not found: inputStream is null" type="org.camunda.bpm.engine.exception.NullValueException">org.camunda.bpm.engine.exception.NullValueException: resource &apos;process.bpmn&apos; not found: inputStream is null
	at sun.reflect.NativeConstructorAccessorImpl.newInstance0(Native Method)
	at sun.reflect.NativeConstructorAccessorImpl.newInstance(NativeConstructorAccessorImpl.java:62)
	at sun.reflect.DelegatingConstructorAccessorImpl.newInstance(DelegatingConstructorAccessorImpl.java:45)
	at java.lang.reflect.Constructor.newInstance(Constructor.java:423)
	at org.camunda.bpm.engine.impl.util.EnsureUtil.generateException(EnsureUtil.java:381)
	at org.camunda.bpm.engine.impl.util.EnsureUtil.ensureNotNull(EnsureUtil.java:55)
	at org.camunda.bpm.engine.impl.util.EnsureUtil.ensureNotNull(EnsureUtil.java:50)
	at org.camunda.bpm.engine.impl.repository.DeploymentBuilderImpl.addClasspathResource(DeploymentBuilderImpl.java:95)
	at org.camunda.bpm.engine.impl.test.TestHelper.annotationDeploymentSetUp(TestHelper.java:137)
	at org.camunda.bpm.engine.test.ProcessEngineRule.starting(ProcessEngineRule.java:151)
	at org.camunda.bpm.extension.process_test_coverage.junit.rules.TestCoverageProcessEngineRule.starting(TestCoverageProcessEngineRule.java:136)
	at org.junit.rules.TestWatcher.startingQuietly(TestWatcher.java:108)
	at org.junit.rules.TestWatcher.access$000(TestWatcher.java:46)
	at org.junit.rules.TestWatcher$1.evaluate(TestWatcher.java:53)
	at org.camunda.bpm.engine.test.ProcessEngineRule$1.evaluate(ProcessEngineRule.java:170)
	at org.junit.rules.RunRules.evaluate(RunRules.java:20)
	at org.junit.runners.ParentRunner.runLeaf(ParentRunner.java:325)
	at org.junit.runners.BlockJUnit4ClassRunner.runChild(BlockJUnit4ClassRunner.java:78)
	at org.junit.runners.BlockJUnit4ClassRunner.runChild(BlockJUnit4ClassRunner.java:57)
	at org.junit.runners.ParentRunner$3.run(ParentRunner.java:290)
	at org.junit.runners.ParentRunner$1.schedule(ParentRunner.java:71)
	at org.junit.runners.ParentRunner.runChildren(ParentRunner.java:288)
	at org.junit.runners.ParentRunner.access$000(ParentRunner.java:58)
	at org.junit.runners.ParentRunner$2.evaluate(ParentRunner.java:268)
	at org.junit.rules.TestWatcher$1.evaluate(TestWatcher.java:55)
	at org.camunda.bpm.engine.test.ProcessEngineRule$1.evaluate(ProcessEngineRule.java:170)
	at org.junit.rules.RunRules.evaluate(RunRules.java:20)
	at org.junit.runners.ParentRunner.run(ParentRunner.java:363)
	at org.apache.maven.surefire.junit4.JUnit4Provider.execute(JUnit4Provider.java:252)
	at org.apache.maven.surefire.junit4.JUnit4Provider.executeTestSet(JUnit4Provider.java:141)
	at org.apache.maven.surefire.junit4.JUnit4Provider.invoke(JUnit4Provider.java:112)
	at sun.reflect.NativeMethodAccessorImpl.invoke0(Native Method)
	at sun.reflect.NativeMethodAccessorImpl.invoke(NativeMethodAccessorImpl.java:62)
	at sun.reflect.DelegatingMethodAccessorImpl.invoke(DelegatingMethodAccessorImpl.java:43)
	at java.lang.reflect.Method.invoke(Method.java:498)
	at org.apache.maven.surefire.util.ReflectionUtils.invokeMethodWithArray(ReflectionUtils.java:189)
	at org.apache.maven.surefire.booter.ProviderFactory$ProviderProxy.invoke(ProviderFactory.java:165)
	at org.apache.maven.surefire.booter.ProviderFactory.invokeProvider(ProviderFactory.java:85)
	at org.apache.maven.surefire.booter.ForkedBooter.runSuitesInProcess(ForkedBooter.java:115)
	at org.apache.maven.surefire.booter.ForkedBooter.main(ForkedBooter.java:75)
</error>
    <system-out>14:04:58.962 [main] DEBUG org.camunda.bpm.engine.test - annotation @Deployment creates deployment for ProcessUnitTest.testHappyPath
</system-out>
    <system-err>Jan 05, 2020 2:04:58 PM org.camunda.bpm.extension.process_test_coverage.junit.rules.TestCoverageProcessEngineRule succeeded
INFORMATION: testHappyPath(com.camunda.avg.SimpleProject.ProcessUnitTest) succeeded.
</system-err>
  </testcase>
  <testcase classname="com.camunda.avg.SimpleProject.ProcessUnitTest" name="testHappyPath" time="0.002">
    <error type="java.lang.NullPointerException">java.lang.NullPointerException
	at org.camunda.bpm.extension.process_test_coverage.junit.rules.TestCoverageProcessEngineRule.handleTestMethodCoverage(TestCoverageProcessEngineRule.java:307)
	at org.camunda.bpm.extension.process_test_coverage.junit.rules.TestCoverageProcessEngineRule.finished(TestCoverageProcessEngineRule.java:144)
	at org.junit.rules.TestWatcher.finishedQuietly(TestWatcher.java:117)
	at org.junit.rules.TestWatcher.access$400(TestWatcher.java:46)
	at org.junit.rules.TestWatcher$1.evaluate(TestWatcher.java:64)
	at org.camunda.bpm.engine.test.ProcessEngineRule$1.evaluate(ProcessEngineRule.java:170)
	at org.junit.rules.RunRules.evaluate(RunRules.java:20)
	at org.junit.runners.ParentRunner.runLeaf(ParentRunner.java:325)
	at org.junit.runners.BlockJUnit4ClassRunner.runChild(BlockJUnit4ClassRunner.java:78)
	at org.junit.runners.BlockJUnit4ClassRunner.runChild(BlockJUnit4ClassRunner.java:57)
	at org.junit.runners.ParentRunner$3.run(ParentRunner.java:290)
	at org.junit.runners.ParentRunner$1.schedule(ParentRunner.java:71)
	at org.junit.runners.ParentRunner.runChildren(ParentRunner.java:288)
	at org.junit.runners.ParentRunner.access$000(ParentRunner.java:58)
	at org.junit.runners.ParentRunner$2.evaluate(ParentRunner.java:268)
	at org.junit.rules.TestWatcher$1.evaluate(TestWatcher.java:55)
	at org.camunda.bpm.engine.test.ProcessEngineRule$1.evaluate(ProcessEngineRule.java:170)
	at org.junit.rules.RunRules.evaluate(RunRules.java:20)
	at org.junit.runners.ParentRunner.run(ParentRunner.java:363)
	at org.apache.maven.surefire.junit4.JUnit4Provider.execute(JUnit4Provider.java:252)
	at org.apache.maven.surefire.junit4.JUnit4Provider.executeTestSet(JUnit4Provider.java:141)
	at org.apache.maven.surefire.junit4.JUnit4Provider.invoke(JUnit4Provider.java:112)
	at sun.reflect.NativeMethodAccessorImpl.invoke0(Native Method)
	at sun.reflect.NativeMethodAccessorImpl.invoke(NativeMethodAccessorImpl.java:62)
	at sun.reflect.DelegatingMethodAccessorImpl.invoke(DelegatingMethodAccessorImpl.java:43)
	at java.lang.reflect.Method.invoke(Method.java:498)
	at org.apache.maven.surefire.util.ReflectionUtils.invokeMethodWithArray(ReflectionUtils.java:189)
	at org.apache.maven.surefire.booter.ProviderFactory$ProviderProxy.invoke(ProviderFactory.java:165)
	at org.apache.maven.surefire.booter.ProviderFactory.invokeProvider(ProviderFactory.java:85)
	at org.apache.maven.surefire.booter.ForkedBooter.runSuitesInProcess(ForkedBooter.java:115)
	at org.apache.maven.surefire.booter.ForkedBooter.main(ForkedBooter.java:75)
</error>
  </testcase>
  <testcase classname="com.camunda.avg.SimpleProject.ProcessUnitTest" name="com.camunda.avg.SimpleProject.ProcessUnitTest" time="0.002">
    <error type="java.util.NoSuchElementException">java.util.NoSuchElementException
	at java.util.HashMap$HashIterator.nextNode(HashMap.java:1447)
	at java.util.HashMap$ValueIterator.next(HashMap.java:1474)
	at org.camunda.bpm.extension.process_test_coverage.model.ClassCoverage.getAnyMethodCoverage(ClassCoverage.java:190)
	at org.camunda.bpm.extension.process_test_coverage.model.ClassCoverage.getCoveragePercentage(ClassCoverage.java:78)
	at org.camunda.bpm.extension.process_test_coverage.junit.rules.TestCoverageProcessEngineRule.handleClassCoverage(TestCoverageProcessEngineRule.java:344)
	at org.camunda.bpm.extension.process_test_coverage.junit.rules.TestCoverageProcessEngineRule.finished(TestCoverageProcessEngineRule.java:146)
	at org.junit.rules.TestWatcher.finishedQuietly(TestWatcher.java:117)
	at org.junit.rules.TestWatcher.access$400(TestWatcher.java:46)
	at org.junit.rules.TestWatcher$1.evaluate(TestWatcher.java:64)
	at org.camunda.bpm.engine.test.ProcessEngineRule$1.evaluate(ProcessEngineRule.java:170)
	at org.junit.rules.RunRules.evaluate(RunRules.java:20)
	at org.junit.runners.ParentRunner.run(ParentRunner.java:363)
	at org.apache.maven.surefire.junit4.JUnit4Provider.execute(JUnit4Provider.java:252)
	at org.apache.maven.surefire.junit4.JUnit4Provider.executeTestSet(JUnit4Provider.java:141)
	at org.apache.maven.surefire.junit4.JUnit4Provider.invoke(JUnit4Provider.java:112)
	at sun.reflect.NativeMethodAccessorImpl.invoke0(Native Method)
	at sun.reflect.NativeMethodAccessorImpl.invoke(NativeMethodAccessorImpl.java:62)
	at sun.reflect.DelegatingMethodAccessorImpl.invoke(DelegatingMethodAccessorImpl.java:43)
	at java.lang.reflect.Method.invoke(Method.java:498)
	at org.apache.maven.surefire.util.ReflectionUtils.invokeMethodWithArray(ReflectionUtils.java:189)
	at org.apache.maven.surefire.booter.ProviderFactory$ProviderProxy.invoke(ProviderFactory.java:165)
	at org.apache.maven.surefire.booter.ProviderFactory.invokeProvider(ProviderFactory.java:85)
	at org.apache.maven.surefire.booter.ForkedBooter.runSuitesInProcess(ForkedBooter.java:115)
	at org.apache.maven.surefire.booter.ForkedBooter.main(ForkedBooter.java:75)
</error>
    <system-err>Jan 05, 2020 2:04:58 PM org.camunda.bpm.extension.process_test_coverage.junit.rules.TestCoverageProcessEngineRule succeeded
INFORMATION: com.camunda.avg.SimpleProject.ProcessUnitTest succeeded.
</system-err>
  </testcase>
</testsuite>